[2020-10-27T12:20:10.046Z] starting `/usr/local/heroku/bin/heroku update --autoupdate` from /usr/local/heroku/bin/run --version
waiting until 2020-10-27T13:20:10.019Z to update
waiting until 2020-10-27T13:20:10.019Z to update
waiting until 2020-10-27T13:20:10.019Z to update
waiting until 2020-10-27T13:23:00.704Z to update
waiting until 2020-10-27T13:23:00.704Z to update
waiting until 2020-10-27T13:23:00.704Z to update
waiting until 2020-10-27T13:23:00.704Z to update
waiting until 2020-10-27T13:23:00.704Z to update
waiting until 2020-10-27T13:23:00.704Z to update
waiting until 2020-10-27T13:23:00.704Z to update
waiting until 2020-10-27T13:23:00.704Z to update
waiting until 2020-10-27T13:30:43.163Z to update
waiting until 2020-10-27T13:31:26.662Z to update
waiting until 2020-10-27T13:31:26.662Z to update
waiting until 2020-10-27T13:31:26.662Z to update
waiting until 2020-10-27T13:31:26.662Z to update
waiting until 2020-10-27T13:31:26.662Z to update
waiting until 2020-10-27T13:31:26.662Z to update
waiting until 2020-10-27T13:31:26.662Z to update
waiting until 2020-10-27T13:31:26.662Z to update
waiting until 2020-10-27T13:31:26.662Z to update
waiting until 2020-10-27T13:31:26.662Z to update
waiting until 2020-10-27T13:31:26.662Z to update
waiting until 2020-10-27T13:31:26.662Z to update
waiting until 2020-10-27T13:31:26.662Z to update
waiting until 2020-10-27T13:31:26.662Z to update
waiting until 2020-10-27T13:31:26.662Z to update
waiting until 2020-10-27T13:31:26.662Z to update
waiting until 2020-10-27T13:48:10.903Z to update
waiting until 2020-10-27T13:48:10.903Z to update
waiting until 2020-10-27T13:49:48.585Z to update
waiting until 2020-10-27T13:50:26.965Z to update
waiting until 2020-10-27T13:50:26.965Z to update
waiting until 2020-10-27T13:50:26.965Z to update
waiting until 2020-10-27T13:50:26.965Z to update
waiting until 2020-10-27T13:50:26.965Z to update
waiting until 2020-10-27T13:50:26.965Z to update
waiting until 2020-10-27T13:50:26.965Z to update
waiting until 2020-10-27T13:50:26.965Z to update
waiting until 2020-10-27T13:50:26.965Z to update
waiting until 2020-10-27T13:50:26.965Z to update
waiting until 2020-10-27T13:50:26.965Z to update
waiting until 2020-10-27T13:50:26.965Z to update
waiting until 2020-10-27T13:50:26.965Z to update
waiting until 2020-10-27T13:50:26.965Z to update
waiting until 2020-10-27T13:50:26.965Z to update
waiting until 2020-10-27T13:50:26.965Z to update
waiting until 2020-10-27T13:50:26.965Z to update
waiting until 2020-10-27T13:50:26.965Z to update
waiting until 2020-10-27T13:50:26.965Z to update
waiting until 2020-10-27T13:50:26.965Z to update
waiting until 2020-10-27T13:50:26.965Z to update
waiting until 2020-10-27T13:50:26.965Z to update
waiting until 2020-10-27T13:50:26.965Z to update
waiting until 2020-10-27T13:50:26.965Z to update
waiting until 2020-10-27T13:50:26.965Z to update
waiting until 2020-10-27T13:50:26.965Z to update
waiting until 2020-10-27T13:50:26.965Z to update
waiting until 2020-10-27T13:50:26.965Z to update
waiting until 2020-10-27T13:50:26.965Z to update
waiting until 2020-10-27T13:50:26.965Z to update
waiting until 2020-10-27T13:50:26.965Z to update
waiting until 2020-10-27T13:50:26.965Z to update
waiting until 2020-10-27T13:50:26.965Z to update
waiting until 2020-10-27T13:50:26.965Z to update
waiting until 2020-10-27T13:50:26.965Z to update
waiting until 2020-10-27T13:50:26.965Z to update
waiting until 2020-10-27T13:50:26.965Z to update
waiting until 2020-10-27T13:50:26.965Z to update
waiting until 2020-10-27T13:50:26.965Z to update
waiting until 2020-10-27T13:50:26.965Z to update
waiting until 2020-10-27T13:50:26.965Z to update
waiting until 2020-10-27T13:50:26.965Z to update
waiting until 2020-10-27T13:50:26.965Z to update
waiting until 2020-10-27T13:50:26.965Z to update
waiting until 2020-10-27T13:50:26.965Z to update
waiting until 2020-10-27T13:50:26.965Z to update
waiting until 2020-10-27T13:50:26.965Z to update
waiting until 2020-10-27T13:50:26.965Z to update
waiting until 2020-10-27T13:50:26.965Z to update
waiting until 2020-10-27T13:50:26.965Z to update
waiting until 2020-10-27T13:50:26.965Z to update
waiting until 2020-10-27T13:50:26.965Z to update
waiting until 2020-10-27T13:50:26.965Z to update
waiting until 2020-10-27T13:50:26.965Z to update
waiting until 2020-10-27T13:50:26.965Z to update
waiting until 2020-10-27T13:50:26.965Z to update
waiting until 2020-10-27T13:50:26.965Z to update
waiting until 2020-10-27T13:50:26.965Z to update
waiting until 2020-10-27T13:50:26.965Z to update
waiting until 2020-10-27T13:50:26.965Z to update
time to update
heroku: Updating CLI... already on latest version: 7.46.2
Updating completions...
Updating completions... done
